This is pdfTeX, Version 3.141592653-2.6-1.40.23 (MiKTeX 21.8) (preloaded format=pdflatex 2021.9.8)  14 OCT 2021 11:34
entering extended mode
**"c:/Users/anlun/Documents/simulador_exoesqueleto6GDL/Informaci√≥n/Reporte III/ReporteIII.tex"
(c:/Users/anlun/Documents/simulador_exoesqueleto6GDL/Informaci√≥n/Reporte III/ReporteIII.tex
LaTeX2e <2021-06-01> patch level 1
L3 programming layer <2021-08-27> (C:\Users\anlun\AppData\Local\Programs\MiKTeX\tex/latex/ieeetran\IEEEtran.cls
Document Class: IEEEtran 2015/08/26 V1.8b by Michael Shell
-- See the "IEEEtran_HOWTO" manual for usage information.
-- http://www.michaelshell.org/tex/ieeetran/
\@IEEEtrantmpdimenA=\dimen138
\@IEEEtrantmpdimenB=\dimen139
\@IEEEtrantmpdimenC=\dimen140
\@IEEEtrantmpcountA=\count182
\@IEEEtrantmpcountB=\count183
\@IEEEtrantmpcountC=\count184
\@IEEEtrantmptoksA=\toks16
LaTeX Font Info:    Trying to load font information for OT1+ptm on input line 503.
(C:\Users\anlun\AppData\Local\Programs\MiKTeX\tex/latex/psnfss\ot1ptm.fd
File: ot1ptm.fd 2001/06/04 font definitions for OT1/ptm.
)
-- Using 8.5in x 11in (letter) paper.
-- Using PDF output.
\@IEEEnormalsizeunitybaselineskip=\dimen141
-- This is a 10 point document.
\CLASSINFOnormalsizebaselineskip=\dimen142
\CLASSINFOnormalsizeunitybaselineskip=\dimen143
\IEEEnormaljot=\dimen144
LaTeX Font Info:    Font shape `OT1/ptm/bx/n' in size <5> not available
(Font)              Font shape `OT1/ptm/b/n' tried instead on input line 1090.
LaTeX Font Info:    Font shape `OT1/ptm/bx/it' in size <5> not available
(Font)              Font shape `OT1/ptm/b/it' tried instead on input line 1090.
LaTeX Font Info:    Font shape `OT1/ptm/bx/n' in size <7> not available
(Font)              Font shape `OT1/ptm/b/n' tried instead on input line 1090.
LaTeX Font Info:    Font shape `OT1/ptm/bx/it' in size <7> not available
(Font)              Font shape `OT1/ptm/b/it' tried instead on input line 1090.
LaTeX Font Info:    Font shape `OT1/ptm/bx/n' in size <8> not available
(Font)              Font shape `OT1/ptm/b/n' tried instead on input line 1090.
LaTeX Font Info:    Font shape `OT1/ptm/bx/it' in size <8> not available
(Font)              Font shape `OT1/ptm/b/it' tried instead on input line 1090.
LaTeX Font Info:    Font shape `OT1/ptm/bx/n' in size <9> not available
(Font)              Font shape `OT1/ptm/b/n' tried instead on input line 1090.
LaTeX Font Info:    Font shape `OT1/ptm/bx/it' in size <9> not available
(Font)              Font shape `OT1/ptm/b/it' tried instead on input line 1090.
LaTeX Font Info:    Font shape `OT1/ptm/bx/n' in size <10> not available
(Font)              Font shape `OT1/ptm/b/n' tried instead on input line 1090.
LaTeX Font Info:    Font shape `OT1/ptm/bx/it' in size <10> not available
(Font)              Font shape `OT1/ptm/b/it' tried instead on input line 1090.
LaTeX Font Info:    Font shape `OT1/ptm/bx/n' in size <11> not available
(Font)              Font shape `OT1/ptm/b/n' tried instead on input line 1090.
LaTeX Font Info:    Font shape `OT1/ptm/bx/it' in size <11> not available
(Font)              Font shape `OT1/ptm/b/it' tried instead on input line 1090.
LaTeX Font Info:    Font shape `OT1/ptm/bx/n' in size <12> not available
(Font)              Font shape `OT1/ptm/b/n' tried instead on input line 1090.
LaTeX Font Info:    Font shape `OT1/ptm/bx/it' in size <12> not available
(Font)              Font shape `OT1/ptm/b/it' tried instead on input line 1090.
LaTeX Font Info:    Font shape `OT1/ptm/bx/n' in size <17> not available
(Font)              Font shape `OT1/ptm/b/n' tried instead on input line 1090.
LaTeX Font Info:    Font shape `OT1/ptm/bx/it' in size <17> not available
(Font)              Font shape `OT1/ptm/b/it' tried instead on input line 1090.
LaTeX Font Info:    Font shape `OT1/ptm/bx/n' in size <20> not available
(Font)              Font shape `OT1/ptm/b/n' tried instead on input line 1090.
LaTeX Font Info:    Font shape `OT1/ptm/bx/it' in size <20> not available
(Font)              Font shape `OT1/ptm/b/it' tried instead on input line 1090.
LaTeX Font Info:    Font shape `OT1/ptm/bx/n' in size <24> not available
(Font)              Font shape `OT1/ptm/b/n' tried instead on input line 1090.
LaTeX Font Info:    Font shape `OT1/ptm/bx/it' in size <24> not available
(Font)              Font shape `OT1/ptm/b/it' tried instead on input line 1090.
\IEEEquantizedlength=\dimen145
\IEEEquantizedlengthdiff=\dimen146
\IEEEquantizedtextheightdiff=\dimen147
\IEEEilabelindentA=\dimen148
\IEEEilabelindentB=\dimen149
\IEEEilabelindent=\dimen150
\IEEEelabelindent=\dimen151
\IEEEdlabelindent=\dimen152
\IEEElabelindent=\dimen153
\IEEEiednormlabelsep=\dimen154
\IEEEiedmathlabelsep=\dimen155
\IEEEiedtopsep=\skip47
\c@section=\count185
\c@subsection=\count186
\c@subsubsection=\count187
\c@paragraph=\count188
\c@IEEEsubequation=\count189
\abovecaptionskip=\skip48
\belowcaptionskip=\skip49
\c@figure=\count190
\c@table=\count191
\@IEEEeqnnumcols=\count192
\@IEEEeqncolcnt=\count193
\@IEEEsubeqnnumrollback=\count194
\@IEEEquantizeheightA=\dimen156
\@IEEEquantizeheightB=\dimen157
\@IEEEquantizeheightC=\dimen158
\@IEEEquantizeprevdepth=\dimen159
\@IEEEquantizemultiple=\count195
\@IEEEquantizeboxA=\box50
\@IEEEtmpitemindent=\dimen160
\IEEEPARstartletwidth=\dimen161
\c@IEEEbiography=\count196
\@IEEEtranrubishbin=\box51
) (C:\Users\anlun\AppData\Local\Programs\MiKTeX\tex/generic/babel\babel.sty
Package: babel 2021/07/22 3.63 The Babel package
 (C:\Users\anlun\AppData\Local\Programs\MiKTeX\tex/generic/babel\babel.def
File: babel.def 2021/07/22 3.63 Babel common definitions
\babel@savecnt=\count197
\U@D=\dimen162
\l@unhyphenated=\language79
 (C:\Users\anlun\AppData\Local\Programs\MiKTeX\tex/generic/babel\txtbabel.def)
\bbl@readstream=\read2
)
\bbl@dirlevel=\count198

*************************************
* Local config file bblopts.cfg used
*
(C:\Users\anlun\AppData\Local\Programs\MiKTeX\tex/latex/arabi\bblopts.cfg
File: bblopts.cfg 2005/09/08 v0.1 add Arabic and Farsi to "declared" options of babel
) (C:\Users\anlun\AppData\Local\Programs\MiKTeX\tex/latex/babel-spanish\spanish.ldf
Language: spanish.ldf 2021/05/27 v5.0q Spanish support from the babel system
\es@quottoks=\toks17
\es@quotdepth=\count199
Package babel Info: Making " an active character on input line 570.
Package babel Info: Making . an active character on input line 675.
Package babel Info: Making < an active character on input line 722.
Package babel Info: Making > an active character on input line 722.
)) (C:\Users\anlun\AppData\Local\Programs\MiKTeX\tex/latex/base\inputenc.sty
Package: inputenc 2021/02/14 v1.3d Input encoding file
\inpenc@prehook=\toks18
\inpenc@posthook=\toks19
) (C:\Users\anlun\AppData\Local\Programs\MiKTeX\tex/latex/biblatex\biblatex.sty
Package: biblatex 2020/12/31 v3.16 programmable bibliographies (PK/MW)
 (C:\Users\anlun\AppData\Local\Programs\MiKTeX\tex/generic/pdftexcmds\pdftexcmds.sty
Package: pdftexcmds 2020-06-27 v0.33 Utility functions of pdfTeX for LuaTeX (HO)
 (C:\Users\anlun\AppData\Local\Programs\MiKTeX\tex/generic/infwarerr\infwarerr.sty
Package: infwarerr 2019/12/03 v1.5 Providing info/warning/error messages (HO)
) (C:\Users\anlun\AppData\Local\Programs\MiKTeX\tex/generic/iftex\iftex.sty
Package: iftex 2020/03/06 v1.0d TeX engine tests
) (C:\Users\anlun\AppData\Local\Programs\MiKTeX\tex/generic/ltxcmds\ltxcmds.sty
Package: ltxcmds 2020-05-10 v1.25 LaTeX kernel commands for general use (HO)
)
Package pdftexcmds Info: \pdf@primitive is available.
Package pdftexcmds Info: \pdf@ifprimitive is available.
Package pdftexcmds Info: \pdfdraftmode found.
) (C:\Users\anlun\AppData\Local\Programs\MiKTeX\tex/latex/etoolbox\etoolbox.sty
Package: etoolbox 2020/10/05 v2.5k e-TeX tools for LaTeX (JAW)
\etb@tempcnta=\count266
) (C:\Users\anlun\AppData\Local\Programs\MiKTeX\tex/latex/graphics\keyval.sty
Package: keyval 2014/10/28 v1.15 key=value parser (DPC)
\KV@toks@=\toks20
) (C:\Users\anlun\AppData\Local\Programs\MiKTeX\tex/latex/kvoptions\kvoptions.sty
Package: kvoptions 2020-10-07 v3.14 Key value format for package options (HO)
 (C:\Users\anlun\AppData\Local\Programs\MiKTeX\tex/generic/kvsetkeys\kvsetkeys.sty
Package: kvsetkeys 2019/12/15 v1.18 Key value parser (HO)
)) (C:\Users\anlun\AppData\Local\Programs\MiKTeX\tex/latex/logreq\logreq.sty
Package: logreq 2010/08/04 v1.0 xml request logger
\lrq@indent=\count267
 (C:\Users\anlun\AppData\Local\Programs\MiKTeX\tex/latex/logreq\logreq.def
File: logreq.def 2010/08/04 v1.0 logreq spec v1.0
)) (C:\Users\anlun\AppData\Local\Programs\MiKTeX\tex/latex/base\ifthen.sty
Package: ifthen 2020/11/24 v1.1c Standard LaTeX ifthen package (DPC)
) (C:\Users\anlun\AppData\Local\Programs\MiKTeX\tex/latex/url\url.sty
\Urlmuskip=\muskip16
Package: url 2013/09/16  ver 3.4  Verb mode for urls, etc.
)
\c@tabx@nest=\count268
\c@listtotal=\count269
\c@listcount=\count270
\c@liststart=\count271
\c@liststop=\count272
\c@citecount=\count273
\c@citetotal=\count274
\c@multicitecount=\count275
\c@multicitetotal=\count276
\c@instcount=\count277
\c@maxnames=\count278
\c@minnames=\count279
\c@maxitems=\count280
\c@minitems=\count281
\c@citecounter=\count282
\c@maxcitecounter=\count283
\c@savedcitecounter=\count284
\c@uniquelist=\count285
\c@uniquename=\count286
\c@refsection=\count287
\c@refsegment=\count288
\c@maxextratitle=\count289
\c@maxextratitleyear=\count290
\c@maxextraname=\count291
\c@maxextradate=\count292
\c@maxextraalpha=\count293
\c@abbrvpenalty=\count294
\c@highnamepenalty=\count295
\c@lownamepenalty=\count296
\c@maxparens=\count297
\c@parenlevel=\count298
\blx@tempcnta=\count299
\blx@tempcntb=\count300
\blx@tempcntc=\count301
\blx@maxsection=\count302
\blx@maxsegment@0=\count303
\blx@notetype=\count304
\blx@parenlevel@text=\count305
\blx@parenlevel@foot=\count306
\blx@sectionciteorder@0=\count307
\blx@entrysetcounter=\count308
\blx@biblioinstance=\count309
\labelnumberwidth=\skip50
\labelalphawidth=\skip51
\biblabelsep=\skip52
\bibitemsep=\skip53
\bibnamesep=\skip54
\bibinitsep=\skip55
\bibparsep=\skip56
\bibhang=\skip57
\blx@bcfin=\read3
\blx@bcfout=\write3
\blx@langwohyphens=\language80
\c@mincomprange=\count310
\c@maxcomprange=\count311
\c@mincompwidth=\count312
Package biblatex Info: Trying to load biblatex default data model...
Package biblatex Info: ... file 'blx-dm.def' found.
 (C:\Users\anlun\AppData\Local\Programs\MiKTeX\tex/latex/biblatex\blx-dm.def
File: blx-dm.def 2020/12/31 v3.16 biblatex localization (PK/MW)
)
Package biblatex Info: Trying to load biblatex style data model...
Package biblatex Info: ... file 'ieee.dbx' not found.
Package biblatex Info: Trying to load biblatex custom data model...
Package biblatex Info: ... file 'biblatex-dm.cfg' not found.
\c@afterword=\count313
\c@savedafterword=\count314
\c@annotator=\count315
\c@savedannotator=\count316
\c@author=\count317
\c@savedauthor=\count318
\c@bookauthor=\count319
\c@savedbookauthor=\count320
\c@commentator=\count321
\c@savedcommentator=\count322
\c@editor=\count323
\c@savededitor=\count324
\c@editora=\count325
\c@savededitora=\count326
\c@editorb=\count327
\c@savededitorb=\count328
\c@editorc=\count329
\c@savededitorc=\count330
\c@foreword=\count331
\c@savedforeword=\count332
\c@holder=\count333
\c@savedholder=\count334
\c@introduction=\count335
\c@savedintroduction=\count336
\c@namea=\count337
\c@savednamea=\count338
\c@nameb=\count339
\c@savednameb=\count340
\c@namec=\count341
\c@savednamec=\count342
\c@translator=\count343
\c@savedtranslator=\count344
\c@shortauthor=\count345
\c@savedshortauthor=\count346
\c@shorteditor=\count347
\c@savedshorteditor=\count348
\c@labelname=\count349
\c@savedlabelname=\count350
\c@institution=\count351
\c@savedinstitution=\count352
\c@lista=\count353
\c@savedlista=\count354
\c@listb=\count355
\c@savedlistb=\count356
\c@listc=\count357
\c@savedlistc=\count358
\c@listd=\count359
\c@savedlistd=\count360
\c@liste=\count361
\c@savedliste=\count362
\c@listf=\count363
\c@savedlistf=\count364
\c@location=\count365
\c@savedlocation=\count366
\c@organization=\count367
\c@savedorganization=\count368
\c@origlocation=\count369
\c@savedoriglocation=\count370
\c@origpublisher=\count371
\c@savedorigpublisher=\count372
\c@publisher=\count373
\c@savedpublisher=\count374
\c@language=\count375
\c@savedlanguage=\count376
\c@origlanguage=\count377
\c@savedoriglanguage=\count378
\c@pageref=\count379
\c@savedpageref=\count380
\shorthandwidth=\skip58
\shortjournalwidth=\skip59
\shortserieswidth=\skip60
\shorttitlewidth=\skip61
\shortauthorwidth=\skip62
\shorteditorwidth=\skip63
\locallabelnumberwidth=\skip64
\locallabelalphawidth=\skip65
\localshorthandwidth=\skip66
\localshortjournalwidth=\skip67
\localshortserieswidth=\skip68
\localshorttitlewidth=\skip69
\localshortauthorwidth=\skip70
\localshorteditorwidth=\skip71
Package biblatex Info: Trying to load compatibility code...
Package biblatex Info: ... file 'blx-compat.def' found.
 (C:\Users\anlun\AppData\Local\Programs\MiKTeX\tex/latex/biblatex\blx-compat.def
File: blx-compat.def 2020/12/31 v3.16 biblatex compatibility (PK/MW)
)
Package biblatex Info: Trying to load generic definitions...
Package biblatex Info: ... file 'biblatex.def' found.
 (C:\Users\anlun\AppData\Local\Programs\MiKTeX\tex/latex/biblatex\biblatex.def
File: biblatex.def 2020/12/31 v3.16 biblatex compatibility (PK/MW)
\c@textcitecount=\count381
\c@textcitetotal=\count382
\c@textcitemaxnames=\count383
\c@biburlbigbreakpenalty=\count384
\c@biburlbreakpenalty=\count385
\c@biburlnumpenalty=\count386
\c@biburlucpenalty=\count387
\c@biburllcpenalty=\count388
\biburlbigskip=\muskip17
\biburlnumskip=\muskip18
\biburlucskip=\muskip19
\biburllcskip=\muskip20
\c@smartand=\count389
)
Package biblatex Info: Trying to load bibliography style 'ieee'...
Package biblatex Info: ... file 'ieee.bbx' found.
 (C:\Users\anlun\AppData\Local\Programs\MiKTeX\tex/latex/biblatex-ieee\ieee.bbx
File: ieee.bbx 2021/03/25 v1.3e biblatex bibliography style
Package biblatex Info: Trying to load bibliography style 'numeric-comp'...
Package biblatex Info: ... file 'numeric-comp.bbx' found.
 (C:\Users\anlun\AppData\Local\Programs\MiKTeX\tex/latex/biblatex/bbx\numeric-comp.bbx
File: numeric-comp.bbx 2020/12/31 v3.16 biblatex bibliography style (PK/MW)
Package biblatex Info: Trying to load bibliography style 'numeric'...
Package biblatex Info: ... file 'numeric.bbx' found.
 (C:\Users\anlun\AppData\Local\Programs\MiKTeX\tex/latex/biblatex/bbx\numeric.bbx
File: numeric.bbx 2020/12/31 v3.16 biblatex bibliography style (PK/MW)
Package biblatex Info: Trying to load bibliography style 'standard'...
Package biblatex Info: ... file 'standard.bbx' found.
 (C:\Users\anlun\AppData\Local\Programs\MiKTeX\tex/latex/biblatex/bbx\standard.bbx
File: standard.bbx 2020/12/31 v3.16 biblatex bibliography style (PK/MW)
\c@bbx:relatedcount=\count390
\c@bbx:relatedtotal=\count391
))))
Package biblatex Info: Trying to load citation style 'ieee'...
Package biblatex Info: ... file 'ieee.cbx' found.
 (C:\Users\anlun\AppData\Local\Programs\MiKTeX\tex/latex/biblatex-ieee\ieee.cbx
File: ieee.cbx 2021/03/25 v1.3e biblatex citation style
Package biblatex Info: Trying to load citation style 'numeric-comp'...
Package biblatex Info: ... file 'numeric-comp.cbx' found.
 (C:\Users\anlun\AppData\Local\Programs\MiKTeX\tex/latex/biblatex/cbx\numeric-comp.cbx
File: numeric-comp.cbx 2020/12/31 v3.16 biblatex citation style (PK/MW)
\c@cbx@tempcnta=\count392
\c@cbx@tempcntb=\count393
\c@cbx@tempcntc=\count394
\c@cbx@tempcntd=\count395
Package biblatex Info: Redefining '\cite'.
Package biblatex Info: Redefining '\parencite'.
Package biblatex Info: Redefining '\footcite'.
Package biblatex Info: Redefining '\footcitetext'.
Package biblatex Info: Redefining '\smartcite'.
Package biblatex Info: Redefining '\supercite'.
Package biblatex Info: Redefining '\textcite'.
Package biblatex Info: Redefining '\textcites'.
Package biblatex Info: Redefining '\cites'.
Package biblatex Info: Redefining '\parencites'.
Package biblatex Info: Redefining '\smartcites'.
)
Package biblatex Info: Redefining '\cite'.
Package biblatex Info: Redefining '\cites'.
)
Package biblatex Info: Trying to load configuration file...
Package biblatex Info: ... file 'biblatex.cfg' found.
 (C:\Users\anlun\AppData\Local\Programs\MiKTeX\tex/latex/biblatex\biblatex.cfg
File: biblatex.cfg 
)) (C:\Users\anlun\AppData\Local\Programs\MiKTeX\tex/latex/graphics\graphicx.sty
Package: graphicx 2020/12/05 v1.2c Enhanced LaTeX Graphics (DPC,SPQR)
 (C:\Users\anlun\AppData\Local\Programs\MiKTeX\tex/latex/graphics\graphics.sty
Package: graphics 2021/03/04 v1.4d Standard LaTeX Graphics (DPC,SPQR)
 (C:\Users\anlun\AppData\Local\Programs\MiKTeX\tex/latex/graphics\trig.sty
Package: trig 2016/01/03 v1.10 sin cos tan (DPC)
) (C:\Users\anlun\AppData\Local\Programs\MiKTeX\tex/latex/graphics-cfg\graphics.cfg
File: graphics.cfg 2016/06/04 v1.11 sample graphics configuration
)
Package graphics Info: Driver file: pdftex.def on input line 107.
 (C:\Users\anlun\AppData\Local\Programs\MiKTeX\tex/latex/graphics-def\pdftex.def
File: pdftex.def 2020/10/05 v1.2a Graphics/color driver for pdftex
))
\Gin@req@height=\dimen163
\Gin@req@width=\dimen164
) (C:\Users\anlun\AppData\Local\Programs\MiKTeX\tex/latex/wrapfig\wrapfig.sty
\wrapoverhang=\dimen165
\WF@size=\dimen166
\c@WF@wrappedlines=\count396
\WF@box=\box52
\WF@everypar=\toks21
Package: wrapfig 2003/01/31  v 3.6
) (C:\Users\anlun\AppData\Local\Programs\MiKTeX\tex/latex/float\float.sty
Package: float 2001/11/08 v1.3d Float enhancements (AL)
\c@float@type=\count397
\float@exts=\toks22
\float@box=\box53
\@float@everytoks=\toks23
\@floatcapt=\box54
) (C:\Users\anlun\AppData\Local\Programs\MiKTeX\tex/latex/blindtext\blindtext.sty
Package: blindtext 2012/01/06 V2.0 blindtext-Package
 (C:\Users\anlun\AppData\Local\Programs\MiKTeX\tex/latex/tools\xspace.sty
Package: xspace 2014/10/28 v1.13 Space after command names (DPC,MH)
)
\c@blindtext=\count398
\c@Blindtext=\count399
\c@blind@countparstart=\count400
\blind@countxx=\count401
\blindtext@numBlindtext=\count402
\blind@countyy=\count403
\c@blindlist=\count404
\c@blindlistlevel=\count405
\c@blindlist@level=\count406
\blind@listitem=\count407
\c@blind@listcount=\count408
\c@blind@levelcount=\count409
\blind@mathformula=\count410
\blind@Mathformula=\count411
\c@blind@randomcount=\count412
\c@blind@randommax=\count413
\c@blind@pangramcount=\count414
\c@blind@pangrammax=\count415
) (C:\Users\anlun\AppData\Local\Programs\MiKTeX\tex/generic/babel\english.sty

C:\Users\anlun\AppData\Local\Programs\MiKTeX\tex/generic/babel\english.sty:42: Package babel Error: You are loading directly a language style.
(babel)                This syntax is deprecated and you must use
(babel)                \usepackage[language]{babel}.

See the babel package documentation for explanation.
Type  H <return>  for immediate help.
 ...                                              
                                                  
l.42     \bblstyerror
                     
You could proceed but don't complain if you run into errors

(C:\Users\anlun\AppData\Local\Programs\MiKTeX\tex/latex/babel-english\english.ldf
Language: english 2017/06/06 v3.3r English support from the babel system
Package babel Info: Hyphen rules for 'canadian' set to \l@english
(babel)             (\language0). Reported on input line 102.
Package babel Info: Hyphen rules for 'australian' set to \l@ukenglish
(babel)             (\language73). Reported on input line 105.
Package babel Info: Hyphen rules for 'newzealand' set to \l@ukenglish
(babel)             (\language73). Reported on input line 108.
)) (C:\Users\anlun\AppData\Local\Programs\MiKTeX\tex/latex/amsmath\amsmath.sty
Package: amsmath 2021/04/20 v2.17j AMS math features
\@mathmargin=\skip72

For additional information on amsmath, use the `?' option.
(C:\Users\anlun\AppData\Local\Programs\MiKTeX\tex/latex/amsmath\amstext.sty
Package: amstext 2000/06/29 v2.01 AMS text
 (C:\Users\anlun\AppData\Local\Programs\MiKTeX\tex/latex/amsmath\amsgen.sty
File: amsgen.sty 1999/11/30 v2.0 generic functions
\@emptytoks=\toks24
\ex@=\dimen167
)) (C:\Users\anlun\AppData\Local\Programs\MiKTeX\tex/latex/amsmath\amsbsy.sty
Package: amsbsy 1999/11/29 v1.2d Bold Symbols
\pmbraise@=\dimen168
) (C:\Users\anlun\AppData\Local\Programs\MiKTeX\tex/latex/amsmath\amsopn.sty
Package: amsopn 2016/03/08 v2.02 operator names
)
\inf@bad=\count416
LaTeX Info: Redefining \frac on input line 234.
\uproot@=\count417
\leftroot@=\count418
LaTeX Info: Redefining \overline on input line 399.
\classnum@=\count419
\DOTSCASE@=\count420
LaTeX Info: Redefining \ldots on input line 496.
LaTeX Info: Redefining \dots on input line 499.
LaTeX Info: Redefining \cdots on input line 620.
\Mathstrutbox@=\box55
\strutbox@=\box56
\big@size=\dimen169
LaTeX Font Info:    Redeclaring font encoding OML on input line 743.
LaTeX Font Info:    Redeclaring font encoding OMS on input line 744.
\macc@depth=\count421
\c@MaxMatrixCols=\count422
\dotsspace@=\muskip21
\c@parentequation=\count423
\dspbrk@lvl=\count424
\tag@help=\toks25
\row@=\count425
\column@=\count426
\maxfields@=\count427
\andhelp@=\toks26
\eqnshift@=\dimen170
\alignsep@=\dimen171
\tagshift@=\dimen172
\tagwidth@=\dimen173
\totwidth@=\dimen174
\lineht@=\dimen175
\@envbody=\toks27
\multlinegap=\skip73
\multlinetaggap=\skip74
\mathdisplay@stack=\toks28
LaTeX Info: Redefining \[ on input line 2923.
LaTeX Info: Redefining \] on input line 2924.
) (C:\Users\anlun\AppData\Local\Programs\MiKTeX\tex/latex/newtx\newtxmath.sty
Package: newtxmath 2021/06/01 v1.655
 `newtxmath' v1.655, 2021/06/01 Math macros based originally on txfonts (msharpe) (C:\Users\anlun\AppData\Local\Programs\MiKTeX\tex/generic/iftex\ifxetex.sty
Package: ifxetex 2019/10/25 v0.7 ifxetex legacy package. Use iftex instead.
) (C:\Users\anlun\AppData\Local\Programs\MiKTeX\tex/generic/iftex\ifluatex.sty
Package: ifluatex 2019/10/25 v1.5 ifluatex legacy package. Use iftex instead.
) (C:\Users\anlun\AppData\Local\Programs\MiKTeX\tex/latex/xkeyval\xkeyval.sty
Package: xkeyval 2020/11/20 v2.8 package option processing (HA)
 (C:\Users\anlun\AppData\Local\Programs\MiKTeX\tex/generic/xkeyval\xkeyval.tex (C:\Users\anlun\AppData\Local\Programs\MiKTeX\tex/generic/xkeyval\xkvutils.tex
\XKV@toks=\toks29
\XKV@tempa@toks=\toks30
)
\XKV@depth=\count428
File: xkeyval.tex 2014/12/03 v2.7a key=value parser (HA)
)) (C:\Users\anlun\AppData\Local\Programs\MiKTeX\tex/latex/oberdiek\centernot.sty
Package: centernot 2016/05/16 v1.4 Centers the not symbol horizontally (HO)
)
\tx@cntz=\count429
 (C:\Users\anlun\AppData\Local\Programs\MiKTeX\tex/generic/binhex\binhex.tex)
\tx@Isdigit=\count430
\tx@IsAlNum=\count431
\tx@tA=\toks31
\tx@tB=\toks32
\tx@su=\read4
LaTeX Font Info:    Redeclaring symbol font `operators' on input line 360.
LaTeX Font Info:    Overwriting symbol font `operators' in version `normal'
(Font)                  OT1/cmr/m/n --> OT1/ntxtlf/m/n on input line 360.
LaTeX Font Info:    Overwriting symbol font `operators' in version `bold'
(Font)                  OT1/cmr/bx/n --> OT1/ntxtlf/m/n on input line 360.
LaTeX Font Info:    Overwriting symbol font `operators' in version `bold'
(Font)                  OT1/ntxtlf/m/n --> OT1/ntxtlf/b/n on input line 361.
LaTeX Font Info:    Redeclaring math alphabet \mathsf on input line 369.
LaTeX Font Info:    Overwriting math alphabet `\mathsf' in version `normal'
(Font)                  OT1/cmss/m/n --> OT1/phv/m/n on input line 369.
LaTeX Font Info:    Overwriting math alphabet `\mathsf' in version `bold'
(Font)                  OT1/cmss/bx/n --> OT1/phv/m/n on input line 369.
LaTeX Font Info:    Redeclaring math alphabet \mathit on input line 370.
LaTeX Font Info:    Overwriting math alphabet `\mathit' in version `normal'
(Font)                  OT1/cmr/m/it --> OT1/ntxtlf/m/it on input line 370.
LaTeX Font Info:    Overwriting math alphabet `\mathit' in version `bold'
(Font)                  OT1/cmr/bx/it --> OT1/ntxtlf/m/it on input line 370.
LaTeX Font Info:    Redeclaring math alphabet \mathtt on input line 371.
LaTeX Font Info:    Overwriting math alphabet `\mathtt' in version `normal'
(Font)                  OT1/cmtt/m/n --> OT1/pcr/m/n on input line 371.
LaTeX Font Info:    Overwriting math alphabet `\mathtt' in version `bold'
(Font)                  OT1/cmtt/m/n --> OT1/pcr/m/n on input line 371.
LaTeX Font Info:    Redeclaring math alphabet \mathbf on input line 373.
LaTeX Font Info:    Overwriting math alphabet `\mathbf' in version `normal'
(Font)                  OT1/cmr/bx/n --> OT1/ntxtlf/b/n on input line 373.
LaTeX Font Info:    Overwriting math alphabet `\mathbf' in version `bold'
(Font)                  OT1/cmr/bx/n --> OT1/ntxtlf/b/n on input line 373.
LaTeX Font Info:    Overwriting math alphabet `\mathit' in version `bold'
(Font)                  OT1/ntxtlf/m/it --> OT1/ntxtlf/b/it on input line 374.
LaTeX Font Info:    Overwriting math alphabet `\mathsf' in version `bold'
(Font)                  OT1/phv/m/n --> OT1/phv/b/n on input line 375.
LaTeX Font Info:    Overwriting math alphabet `\mathtt' in version `bold'
(Font)                  OT1/pcr/m/n --> OT1/pcr/b/n on input line 376.
LaTeX Font Info:    Redeclaring symbol font `letters' on input line 477.
LaTeX Font Info:    Overwriting symbol font `letters' in version `normal'
(Font)                  OML/cmm/m/it --> OML/ntxmi/m/it on input line 477.
LaTeX Font Info:    Overwriting symbol font `letters' in version `bold'
(Font)                  OML/cmm/b/it --> OML/ntxmi/m/it on input line 477.
LaTeX Font Info:    Overwriting symbol font `letters' in version `bold'
(Font)                  OML/ntxmi/m/it --> OML/ntxmi/b/it on input line 478.
\symlettersA=\mathgroup4
LaTeX Font Info:    Overwriting symbol font `lettersA' in version `bold'
(Font)                  U/ntxmia/m/it --> U/ntxmia/b/it on input line 533.
Now handling font encoding LMS ...
... no UTF-8 mapping file for font encoding LMS
LaTeX Font Info:    Redeclaring symbol font `symbols' on input line 554.
LaTeX Font Info:    Encoding `OMS' has changed to `LMS' for symbol font
(Font)              `symbols' in the math version `normal' on input line 554.
LaTeX Font Info:    Overwriting symbol font `symbols' in version `normal'
(Font)                  OMS/cmsy/m/n --> LMS/ntxsy/m/n on input line 554.
LaTeX Font Info:    Encoding `OMS' has changed to `LMS' for symbol font
(Font)              `symbols' in the math version `bold' on input line 554.
LaTeX Font Info:    Overwriting symbol font `symbols' in version `bold'
(Font)                  OMS/cmsy/b/n --> LMS/ntxsy/m/n on input line 554.
LaTeX Font Info:    Overwriting symbol font `symbols' in version `bold'
(Font)                  LMS/ntxsy/m/n --> LMS/ntxsy/b/n on input line 555.
\symAMSm=\mathgroup5
LaTeX Font Info:    Overwriting symbol font `AMSm' in version `bold'
(Font)                  U/ntxsym/m/n --> U/ntxsym/b/n on input line 580.
\symsymbolsC=\mathgroup6
LaTeX Font Info:    Overwriting symbol font `symbolsC' in version `bold'
(Font)                  U/ntxsyc/m/n --> U/ntxsyc/b/n on input line 601.
Now handling font encoding LMX ...
... no UTF-8 mapping file for font encoding LMX
LaTeX Font Info:    Redeclaring symbol font `largesymbols' on input line 614.
LaTeX Font Info:    Encoding `OMX' has changed to `LMX' for symbol font
(Font)              `largesymbols' in the math version `normal' on input line 614.
LaTeX Font Info:    Overwriting symbol font `largesymbols' in version `normal'
(Font)                  OMX/cmex/m/n --> LMX/ntxexx/m/n on input line 614.
LaTeX Font Info:    Encoding `OMX' has changed to `LMX' for symbol font
(Font)              `largesymbols' in the math version `bold' on input line 614.
LaTeX Font Info:    Overwriting symbol font `largesymbols' in version `bold'
(Font)                  OMX/cmex/m/n --> LMX/ntxexx/m/n on input line 614.
LaTeX Font Info:    Overwriting symbol font `largesymbols' in version `bold'
(Font)                  LMX/ntxexx/m/n --> LMX/ntxexx/b/n on input line 615.
\symlargesymbolsTXA=\mathgroup7
LaTeX Font Info:    Overwriting symbol font `largesymbolsTXA' in version `bold'
(Font)                  U/ntxexa/m/n --> U/ntxexa/b/n on input line 629.
\tx@sbptoks=\toks33
LaTeX Font Info:    Redeclaring math delimiter \lfloor on input line 852.
LaTeX Font Info:    Redeclaring math delimiter \rfloor on input line 853.
LaTeX Font Info:    Redeclaring math delimiter \lceil on input line 854.
LaTeX Font Info:    Redeclaring math delimiter \rceil on input line 855.
LaTeX Font Info:    Redeclaring math delimiter \lbrace on input line 856.
LaTeX Font Info:    Redeclaring math delimiter \rbrace on input line 857.
LaTeX Font Info:    Redeclaring math delimiter \langle on input line 858.
LaTeX Font Info:    Redeclaring math delimiter \rangle on input line 860.
LaTeX Font Info:    Redeclaring math delimiter \arrowvert on input line 864.
LaTeX Font Info:    Redeclaring math delimiter \vert on input line 865.
LaTeX Font Info:    Redeclaring math symbol \hbar on input line 911.
LaTeX Font Info:    Redeclaring math accent \dot on input line 936.
LaTeX Font Info:    Redeclaring math accent \ddot on input line 937.
LaTeX Font Info:    Redeclaring math accent \vec on input line 2000.
LaTeX Info: Redefining \Bbbk on input line 2788.
LaTeX Info: Redefining \not on input line 2937.
)

Package biblatex Warning: 'babel/polyglossia' detected but 'csquotes' missing.
(biblatex)                Loading 'csquotes' recommended.

\@quotelevel=\count432
\@quotereset=\count433
(C:\Users\anlun\AppData\Local\Programs\MiKTeX\tex/latex/l3backend\l3backend-pdftex.def
File: l3backend-pdftex.def 2021-08-04 L3 backend support: PDF output (pdfTeX)
\l__color_backend_stack_int=\count434
\l__pdf_internal_box=\box57
)

LaTeX Warning: Unused global option(s):
    [trans].

(c:\Users\anlun\Documents\simulador_exoesqueleto6GDL\Informaci√≥n\Reporte III\build\ReporteIII.aux)
\openout1 = `ReporteIII.aux'.

LaTeX Font Info:    Checking defaults for OML/ntxmi/m/it on input line 22.
LaTeX Font Info:    Trying to load font information for OML+ntxmi on input line 22.
 (C:\Users\anlun\AppData\Local\Programs\MiKTeX\tex/latex/newtx\omlntxmi.fd
File: omlntxmi.fd 2015/08/25 Fontinst v1.933 font definitions for OML/ntxmi.
)
LaTeX Font Info:    ... okay on input line 22.
LaTeX Font Info:    Checking defaults for OMS/cmsy/m/n on input line 22.
LaTeX Font Info:    ... okay on input line 22.
LaTeX Font Info:    Checking defaults for OT1/cmr/m/n on input line 22.
LaTeX Font Info:    ... okay on input line 22.
LaTeX Font Info:    Checking defaults for T1/cmr/m/n on input line 22.
LaTeX Font Info:    ... okay on input line 22.
LaTeX Font Info:    Checking defaults for TS1/cmr/m/n on input line 22.
LaTeX Font Info:    ... okay on input line 22.
LaTeX Font Info:    Checking defaults for OMX/cmex/m/n on input line 22.
LaTeX Font Info:    ... okay on input line 22.
LaTeX Font Info:    Checking defaults for U/ntxexa/m/n on input line 22.
LaTeX Font Info:    Trying to load font information for U+ntxexa on input line 22.
 (C:\Users\anlun\AppData\Local\Programs\MiKTeX\tex/latex/newtx\untxexa.fd
File: untxexa.fd 2012/04/16 Fontinst v1.933 font definitions for U/ntxexa.
)
LaTeX Font Info:    ... okay on input line 22.
LaTeX Font Info:    Checking defaults for LMS/ntxsy/m/n on input line 22.
LaTeX Font Info:    Trying to load font information for LMS+ntxsy on input line 22.
 (C:\Users\anlun\AppData\Local\Programs\MiKTeX\tex/latex/newtx\lmsntxsy.fd
File: lmsntxsy.fd 2016/07/02 Fontinst v1.933 font definitions for LMS/ntxsy.
)
LaTeX Font Info:    ... okay on input line 22.
LaTeX Font Info:    Checking defaults for LMX/ntxexx/m/n on input line 22.
LaTeX Font Info:    Trying to load font information for LMX+ntxexx on input line 22.
 (C:\Users\anlun\AppData\Local\Programs\MiKTeX\tex/latex/newtx\lmxntxexx.fd
File: lmxntxexx.fd 2016/07/03 Fontinst v1.933 font definitions for LMX/ntxexx.
)
LaTeX Font Info:    ... okay on input line 22.

-- Lines per column: 58 (exact).
Package biblatex Info: Trying to load language 'spanish'...
Package biblatex Info: ... file 'spanish.lbx' found.
(C:\Users\anlun\AppData\Local\Programs\MiKTeX\tex/latex/biblatex/lbx\spanish.lbx
File: spanish.lbx 2020/12/31 v3.16 biblatex localization (PK/MW)
)
Package biblatex Info: Trying to load language 'english'...
Package biblatex Info: ... file 'english.lbx' found.
 (C:\Users\anlun\AppData\Local\Programs\MiKTeX\tex/latex/biblatex/lbx\english.lbx
File: english.lbx 2020/12/31 v3.16 biblatex localization (PK/MW)
)
Package biblatex Info: Input encoding 'utf8' detected.
Package biblatex Info: Automatic encoding selection.
(biblatex)             Assuming data encoding 'utf8'.
Package biblatex Info: Document encoding is UTF8 ....
 (C:\Users\anlun\AppData\Local\Programs\MiKTeX\tex/latex/l3kernel\expl3.sty
Package: expl3 2021-08-27 L3 programming layer (loader) 
)
Package biblatex Info: ... and expl3
(biblatex)             2021-08-27 L3 programming layer (loader) 
(biblatex)             is new enough (at least 2020/04/06),
(biblatex)             setting 'casechanger=expl3'.
 (C:\Users\anlun\AppData\Local\Programs\MiKTeX\tex/latex/biblatex\blx-case-expl3.sty (C:\Users\anlun\AppData\Local\Programs\MiKTeX\tex/latex/l3packages/xparse\xparse.sty
Package: xparse 2021-08-27 L3 Experimental document command parser
)
Package: blx-case-expl3 2020/12/31 v3.16 expl3 case changing code for biblatex
)
\openout3 = `ReporteIII.bcf'.

Package biblatex Info: Trying to load bibliographic data...
Package biblatex Info: ... file 'ReporteIII.bbl' not found.

No file ReporteIII.bbl.
Package biblatex Info: Reference section=0 on input line 22.
Package biblatex Info: Reference segment=0 on input line 22.
(C:\Users\anlun\AppData\Local\Programs\MiKTeX\tex/context/base/mkii\supp-pdf.mkii
[Loading MPS to PDF converter (version 2006.09.02).]
\scratchcounter=\count435
\scratchdimen=\dimen176
\scratchbox=\box58
\nofMPsegments=\count436
\nofMParguments=\count437
\everyMPshowfont=\toks34
\MPscratchCnt=\count438
\MPscratchDim=\dimen177
\MPnumerator=\count439
\makeMPintoPDFobject=\count440
\everyMPtoPDFconversion=\toks35
) (C:\Users\anlun\AppData\Local\Programs\MiKTeX\tex/latex/epstopdf-pkg\epstopdf-base.sty
Package: epstopdf-base 2020-01-24 v2.11 Base part for package epstopdf
Package epstopdf-base Info: Redefining graphics rule for `.eps' on input line 485.
 (C:\Users\anlun\AppData\Local\Programs\MiKTeX\tex/latex/00miktex\epstopdf-sys.cfg
File: epstopdf-sys.cfg 2021/03/18 v2.0 Configuration of epstopdf for MiKTeX
))
Underfull \hbox (badness 2980) in paragraph at lines 35--37
[]\OT1/ptm/b/it/9 Abstract\OT1/ptm/b/n/9 ---El pre-sente doc-u-mento de-scribe el de-sar-rollo
 []


LaTeX Warning: Reference `fig:Dise√±o3D' on page 1 undefined on input line 54.

<Im√°genes/Dedo Vist Isom√©trica.JPG, id=1, 241.50224pt x 469.15276pt>
File: Im√°genes/Dedo Vist Isom√©trica.JPG Graphic file (type jpg)
<use Im√°genes/Dedo Vist Isom√©trica.JPG>
Package pdftex.def Info: Im√°genes/Dedo Vist Isom√©trica.JPG  used on input line 57.
(pdftex.def)             Requested size: 156.97458pt x 304.94566pt.

Underfull \vbox (badness 6252) has occurred while \output is active []



LaTeX Warning: Reference `fig:EsqArtOri' on page 1 undefined on input line 62.

<Im√°genes/EsquemaArticulaciones.png, id=2, 455.301pt x 489.62926pt>
File: Im√°genes/EsquemaArticulaciones.png Graphic file (type png)
<use Im√°genes/EsquemaArticulaciones.png>
Package pdftex.def Info: Im√°genes/EsquemaArticulaciones.png  used on input line 66.
(pdftex.def)             Requested size: 227.64993pt x 244.81403pt.

Underfull \vbox (badness 10000) has occurred while \output is active []

 [1{C:/Users/anlun/AppData/Local/MiKTeX/pdftex/config/pdftex.map}


 <./Im√°genes/Dedo Vist Isom√©trica.JPG>]
LaTeX Font Info:    Trying to load font information for OT1+ntxtlf on input line 70.
 (C:\Users\anlun\AppData\Local\Programs\MiKTeX\tex/latex/newtx\ot1ntxtlf.fd
File: ot1ntxtlf.fd 2021/05/24 v1.0 font definition file for OT1/ntx/tlf
)
LaTeX Font Info:    Trying to load font information for U+ntxmia on input line 70.
 (C:\Users\anlun\AppData\Local\Programs\MiKTeX\tex/latex/newtx\untxmia.fd
File: untxmia.fd 2018/04/14 Fontinst v1.933 font definitions for U/ntxmia.
)
LaTeX Font Info:    Trying to load font information for U+ntxsym on input line 70.
 (C:\Users\anlun\AppData\Local\Programs\MiKTeX\tex/latex/newtx\untxsym.fd
File: untxsym.fd 2015/03/20 Fontinst v1.933 font definitions for U/ntxsym.
)
LaTeX Font Info:    Trying to load font information for U+ntxsyc on input line 70.
 (C:\Users\anlun\AppData\Local\Programs\MiKTeX\tex/latex/newtx\untxsyc.fd
File: untxsyc.fd 2012/04/12 Fontinst v1.933 font definitions for U/ntxsyc.
)
c:/Users/anlun/Documents/simulador_exoesqueleto6GDL/Informaci√≥n/Reporte III/ReporteIII.tex:70: Double subscript.
l.70 ...evita que la articulaci√≥n revoluta  $q_1_
                                                  4$ y  $q_1_5$ estuvieran f...
I treat `x_1_2' essentially like `x_1{}_2'.

c:/Users/anlun/Documents/simulador_exoesqueleto6GDL/Informaci√≥n/Reporte III/ReporteIII.tex:70: Double subscript.
l.70 ...a articulaci√≥n revoluta  $q_1_4$ y  $q_1_
                                                  5$ estuvieran fusionadas, ...
I treat `x_1_2' essentially like `x_1{}_2'.


LaTeX Warning: Reference `fig:EsqArtOri' on page 2 undefined on input line 70.


LaTeX Warning: Reference `fig:ExoPara' on page 2 undefined on input line 70.

LaTeX Font Info:    Trying to load font information for TS1+ptm on input line 88.
(C:\Users\anlun\AppData\Local\Programs\MiKTeX\tex/latex/psnfss\ts1ptm.fd
File: ts1ptm.fd 2001/06/04 font definitions for TS1/ptm.
)

LaTeX Warning: Reference `fig:ExoPara' on page 2 undefined on input line 92.

c:/Users/anlun/Documents/simulador_exoesqueleto6GDL/Informaci√≥n/Reporte III/ReporteIII.tex:92: Double subscript.
l.92 ...ecia la asignaci√≥n de referenciales $q_1_
                                                  0$, $q_1_1$, $q_1_2$, $q_1...
I treat `x_1_2' essentially like `x_1{}_2'.

c:/Users/anlun/Documents/simulador_exoesqueleto6GDL/Informaci√≥n/Reporte III/ReporteIII.tex:92: Double subscript.
l.92 ...signaci√≥n de referenciales $q_1_0$, $q_1_
                                                  1$, $q_1_2$, $q_1_3$, $q_1...
I treat `x_1_2' essentially like `x_1{}_2'.

c:/Users/anlun/Documents/simulador_exoesqueleto6GDL/Informaci√≥n/Reporte III/ReporteIII.tex:92: Double subscript.
l.92 ...n de referenciales $q_1_0$, $q_1_1$, $q_1_
                                                  2$, $q_1_3$, $q_1_4$, $q_1...
I treat `x_1_2' essentially like `x_1{}_2'.

c:/Users/anlun/Documents/simulador_exoesqueleto6GDL/Informaci√≥n/Reporte III/ReporteIII.tex:92: Double subscript.
l.92 ...renciales $q_1_0$, $q_1_1$, $q_1_2$, $q_1_
                                                  3$, $q_1_4$, $q_1_5$, y $q...
I treat `x_1_2' essentially like `x_1{}_2'.

c:/Users/anlun/Documents/simulador_exoesqueleto6GDL/Informaci√≥n/Reporte III/ReporteIII.tex:92: Double subscript.
l.92 ... $q_1_0$, $q_1_1$, $q_1_2$, $q_1_3$, $q_1_
                                                  4$, $q_1_5$, y $q_1_6$. Lo...
I treat `x_1_2' essentially like `x_1{}_2'.

c:/Users/anlun/Documents/simulador_exoesqueleto6GDL/Informaci√≥n/Reporte III/ReporteIII.tex:92: Double subscript.
l.92 ... $q_1_1$, $q_1_2$, $q_1_3$, $q_1_4$, $q_1_
                                                  5$, y $q_1_6$. Los marcos ...
I treat `x_1_2' essentially like `x_1{}_2'.

c:/Users/anlun/Documents/simulador_exoesqueleto6GDL/Informaci√≥n/Reporte III/ReporteIII.tex:92: Double subscript.
l.92 ...q_1_2$, $q_1_3$, $q_1_4$, $q_1_5$, y $q_1_
                                                  6$. Los marcos inerciales ...
I treat `x_1_2' essentially like `x_1{}_2'.

<Im√°genes/ExoParametrizado.png, id=11, 226.446pt x 499.26524pt>
File: Im√°genes/ExoParametrizado.png Graphic file (type png)
<use Im√°genes/ExoParametrizado.png>
Package pdftex.def Info: Im√°genes/ExoParametrizado.png  used on input line 98.
(pdftex.def)             Requested size: 158.51111pt x 349.48329pt.

Underfull \hbox (badness 3098) in paragraph at lines 106--107
[]\OT1/ptm/m/n/10 Exactamente 6 GDL. Para aque-l-los ma-nip-u-ladores
 []


Underfull \vbox (badness 10000) has occurred while \output is active []

 [2 <./Im√°genes/EsquemaArticulaciones.png> <./Im√°genes/ExoParametrizado.png>]
Underfull \hbox (badness 10000) in paragraph at lines 124--126

 []


Underfull \hbox (badness 10000) in paragraph at lines 131--134

 []


c:/Users/anlun/Documents/simulador_exoesqueleto6GDL/Informaci√≥n/Reporte III/ReporteIII.tex:136: LaTeX Error: There's no line here to end.

See the LaTeX manual or LaTeX Companion for explanation.
Type  H <return>  for immediate help.
 ...                                              
                                                  
l.136 \noindent
                Existen dos restricciones al momento de definir del marco de...
Your command was ignored.
Type  I <command> <return>  to replace it with another command,
or  <return>  to continue without it.


Underfull \hbox (badness 1675) in paragraph at lines 142--143
\OT1/ptm/m/n/10 Debido a que la con-venci[]on DH de-fine una se-cuen-cia
 []

c:/Users/anlun/Documents/simulador_exoesqueleto6GDL/Informaci√≥n/Reporte III/ReporteIII.tex:187: Double subscript.
l.187 A = A_1(q_1_
                  0) \hspace{1mm} A_2(q_1_1) \hspace{1mm} A_3(q_1_2) \hspace...
I treat `x_1_2' essentially like `x_1{}_2'.

c:/Users/anlun/Documents/simulador_exoesqueleto6GDL/Informaci√≥n/Reporte III/ReporteIII.tex:187: Double subscript.
l.187 A = A_1(q_1_0) \hspace{1mm} A_2(q_1_
                                          1) \hspace{1mm} A_3(q_1_2) \hspace...
I treat `x_1_2' essentially like `x_1{}_2'.

c:/Users/anlun/Documents/simulador_exoesqueleto6GDL/Informaci√≥n/Reporte III/ReporteIII.tex:187: Double subscript.
l.187 ...ace{1mm} A_2(q_1_1) \hspace{1mm} A_3(q_1_
                                                  2) \hspace{1mm} A_4(q_1_3)...
I treat `x_1_2' essentially like `x_1{}_2'.

c:/Users/anlun/Documents/simulador_exoesqueleto6GDL/Informaci√≥n/Reporte III/ReporteIII.tex:187: Double subscript.
l.187 ...ace{1mm} A_3(q_1_2) \hspace{1mm} A_4(q_1_
                                                  3) \hspace{1mm} A_5(q_1_4)...
I treat `x_1_2' essentially like `x_1{}_2'.

c:/Users/anlun/Documents/simulador_exoesqueleto6GDL/Informaci√≥n/Reporte III/ReporteIII.tex:187: Double subscript.
l.187 ...ace{1mm} A_4(q_1_3) \hspace{1mm} A_5(q_1_
                                                  4) \hspace{1mm} A_6(q_1_5)...
I treat `x_1_2' essentially like `x_1{}_2'.

c:/Users/anlun/Documents/simulador_exoesqueleto6GDL/Informaci√≥n/Reporte III/ReporteIII.tex:187: Double subscript.
l.187 ...ace{1mm} A_5(q_1_4) \hspace{1mm} A_6(q_1_
                                                  5) \hspace{1mm} A_7(q_1_6)
I treat `x_1_2' essentially like `x_1{}_2'.

c:/Users/anlun/Documents/simulador_exoesqueleto6GDL/Informaci√≥n/Reporte III/ReporteIII.tex:187: Double subscript.
l.187 ...ace{1mm} A_6(q_1_5) \hspace{1mm} A_7(q_1_
                                                  6)
I treat `x_1_2' essentially like `x_1{}_2'.


Overfull \hbox (14.32654pt too wide) detected at line 188
\OML/ntxmi/m/it/10 A \U/ntxmia/m/it/10 = \OML/ntxmi/m/it/10 A[]\LMS/ntxsy/m/n/10 π\OML/ntxmi/m/it/10 q[][]\LMS/ntxsy/m/n/10 ∫ \OML/ntxmi/m/it/10 A[]\LMS/ntxsy/m/n/10 π\OML/ntxmi/m/it/10 q[][]\LMS/ntxsy/m/n/10 ∫ \OML/ntxmi/m/it/10 A[]\LMS/ntxsy/m/n/10 π\OML/ntxmi/m/it/10 q[][]\LMS/ntxsy/m/n/10 ∫ \OML/ntxmi/m/it/10 A[]\LMS/ntxsy/m/n/10 π\OML/ntxmi/m/it/10 q[][]\LMS/ntxsy/m/n/10 ∫ \OML/ntxmi/m/it/10 A[]\LMS/ntxsy/m/n/10 π\OML/ntxmi/m/it/10 q[][]\LMS/ntxsy/m/n/10 ∫ \OML/ntxmi/m/it/10 A[]\LMS/ntxsy/m/n/10 π\OML/ntxmi/m/it/10 q[][]\LMS/ntxsy/m/n/10 ∫ \OML/ntxmi/m/it/10 A[]\LMS/ntxsy/m/n/10 π\OML/ntxmi/m/it/10 q[][]\LMS/ntxsy/m/n/10 ∫
 []


Underfull \hbox (badness 10000) in paragraph at lines 188--193

 []


c:/Users/anlun/Documents/simulador_exoesqueleto6GDL/Informaci√≥n/Reporte III/ReporteIII.tex:195: LaTeX Error: There's no line here to end.

See the LaTeX manual or LaTeX Companion for explanation.
Type  H <return>  for immediate help.
 ...                                              
                                                  
l.195 \noindent
                La metodolog√≠a GRyMA (Nombre dado en honor al Grupo de Rob√...
Your command was ignored.
Type  I <command> <return>  to replace it with another command,
or  <return>  to continue without it.

[3]
c:/Users/anlun/Documents/simulador_exoesqueleto6GDL/Informaci√≥n/Reporte III/ReporteIII.tex:246: Undefined control sequence.
l.246 $$\lambda_{i}^{(1)} {\estimates
                                     }{\overset{\scriptscriptstyle\wedge}{=}...
The control sequence at the end of the top line
of your error message was never \def'ed. If you have
misspelled it (e.g., `\hobx'), type `I' and the correct
spelling (e.g., `I\hbox'). Otherwise just continue,
and I'll forget about whatever was undefined.


LaTeX Warning: Command \' invalid in math mode on input line 256.

c:/Users/anlun/Documents/simulador_exoesqueleto6GDL/Informaci√≥n/Reporte III/ReporteIII.tex:256: Please use \mathaccent for accents in math mode.
\add@accent ... \let \ignorespaces \relax \accent 
                                                  #1 #2\egroup \spacefactor ...
l.256 $$\upsilon_{q_{i}}= \thinspace funci√≥
                                            n verseno  \thinspace\thinspace ...
I'm changing \accent to \mathaccent here; wish me luck.
(Accents are not the same in formulas as they are in text.)

c:/Users/anlun/Documents/simulador_exoesqueleto6GDL/Informaci√≥n/Reporte III/ReporteIII.tex:256: You can't use `\spacefactor' in display math mode.
\add@accent ... \accent #1 #2\egroup \spacefactor 
                                                  \accent@spacefactor 
l.256 $$\upsilon_{q_{i}}= \thinspace funci√≥
                                            n verseno  \thinspace\thinspace ...
Sorry, but I'm not programmed to handle this case;
I'll just pretend that you didn't ask for it.
If you're in the wrong mode, you might be able to
return to the right one by typing `I}' or `I$' or `I\par'.

Missing character: There is no Ë in font ntxexx!

c:/Users/anlun/Documents/simulador_exoesqueleto6GDL/Informaci√≥n/Reporte III/ReporteIII.tex:310: Package inputenc Error: Unicode character ‚àà (U+2208)
(inputenc)                not set up for use with LaTeX.

See the inputenc package documentation for explanation.
Type  H <return>  for immediate help.
 ...                                              
                                                  
l.310 ...Determinar el vector de distancia di0 ‚àà
                                                   R3 desde el marco padre d...
You may provide a definition with
\DeclareUnicodeCharacter 


LaTeX Warning: Reference `fig:ExoPara' on page 4 undefined on input line 315.

c:/Users/anlun/Documents/simulador_exoesqueleto6GDL/Informaci√≥n/Reporte III/ReporteIII.tex:321: Double subscript.
l.321 $\Sigma_i$ & $\Sigma_p_
                             i$ & d_x_i & d_y_i & d_z_i & $\Theta_i$\\
I treat `x_1_2' essentially like `x_1{}_2'.

c:/Users/anlun/Documents/simulador_exoesqueleto6GDL/Informaci√≥n/Reporte III/ReporteIII.tex:321: Missing $ inserted.
<inserted text> 
                $
l.321 $\Sigma_i$ & $\Sigma_p_i$ & d_
                                    x_i & d_y_i & d_z_i & $\Theta_i$\\
I've inserted a begin-math/end-math symbol since I think
you left one out. Proceed, with fingers crossed.

c:/Users/anlun/Documents/simulador_exoesqueleto6GDL/Informaci√≥n/Reporte III/ReporteIII.tex:321: Double subscript.
l.321 $\Sigma_i$ & $\Sigma_p_i$ & d_x_
                                      i & d_y_i & d_z_i & $\Theta_i$\\
I treat `x_1_2' essentially like `x_1{}_2'.

c:/Users/anlun/Documents/simulador_exoesqueleto6GDL/Informaci√≥n/Reporte III/ReporteIII.tex:321: Extra }, or forgotten $.
<template> \unskip \hfil }
                          \hskip \tabcolsep \endtemplate 
l.321 $\Sigma_i$ & $\Sigma_p_i$ & d_x_i &
                                          d_y_i & d_z_i & $\Theta_i$\\
I've deleted a group-closing symbol because it seems to be
spurious, as in `$x}$'. But perhaps the } is legitimate and
you forgot something else, as in `\hbox{$x}'. In such cases
the way to recover is to insert both the forgotten and the
deleted material, e.g., by typing `I$}'.

c:/Users/anlun/Documents/simulador_exoesqueleto6GDL/Informaci√≥n/Reporte III/ReporteIII.tex:321: Missing $ inserted.
<inserted text> 
                $
l.321 $\Sigma_i$ & $\Sigma_p_i$ & d_x_i &
                                          d_y_i & d_z_i & $\Theta_i$\\
I've inserted a begin-math/end-math symbol since I think
you left one out. Proceed, with fingers crossed.

c:/Users/anlun/Documents/simulador_exoesqueleto6GDL/Informaci√≥n/Reporte III/ReporteIII.tex:321: Missing } inserted.
<inserted text> 
                }
l.321 $\Sigma_i$ & $\Sigma_p_i$ & d_x_i &
                                          d_y_i & d_z_i & $\Theta_i$\\
I've inserted something that you may have forgotten.
(See the <inserted text> above.)
With luck, this will get me unwedged. But if you
really didn't forget anything, try typing `2' now; then
my insertion and my current dilemma will both disappear.

c:/Users/anlun/Documents/simulador_exoesqueleto6GDL/Informaci√≥n/Reporte III/ReporteIII.tex:321: Missing $ inserted.
<inserted text> 
                $
l.321 $\Sigma_i$ & $\Sigma_p_i$ & d_x_i & d_
                                            y_i & d_z_i & $\Theta_i$\\
I've inserted a begin-math/end-math symbol since I think
you left one out. Proceed, with fingers crossed.

c:/Users/anlun/Documents/simulador_exoesqueleto6GDL/Informaci√≥n/Reporte III/ReporteIII.tex:321: Double subscript.
l.321 $\Sigma_i$ & $\Sigma_p_i$ & d_x_i & d_y_
                                              i & d_z_i & $\Theta_i$\\
I treat `x_1_2' essentially like `x_1{}_2'.

c:/Users/anlun/Documents/simulador_exoesqueleto6GDL/Informaci√≥n/Reporte III/ReporteIII.tex:321: Extra }, or forgotten $.
<template> \unskip \hfil }
                          \hskip \tabcolsep \endtemplate 
l.321 $\Sigma_i$ & $\Sigma_p_i$ & d_x_i & d_y_i &
                                                  d_z_i & $\Theta_i$\\
I've deleted a group-closing symbol because it seems to be
spurious, as in `$x}$'. But perhaps the } is legitimate and
you forgot something else, as in `\hbox{$x}'. In such cases
the way to recover is to insert both the forgotten and the
deleted material, e.g., by typing `I$}'.

c:/Users/anlun/Documents/simulador_exoesqueleto6GDL/Informaci√≥n/Reporte III/ReporteIII.tex:321: Missing $ inserted.
<inserted text> 
                $
l.321 $\Sigma_i$ & $\Sigma_p_i$ & d_x_i & d_y_i &
                                                  d_z_i & $\Theta_i$\\
I've inserted a begin-math/end-math symbol since I think
you left one out. Proceed, with fingers crossed.

c:/Users/anlun/Documents/simulador_exoesqueleto6GDL/Informaci√≥n/Reporte III/ReporteIII.tex:321: Missing } inserted.
<inserted text> 
                }
l.321 $\Sigma_i$ & $\Sigma_p_i$ & d_x_i & d_y_i &
                                                  d_z_i & $\Theta_i$\\
I've inserted something that you may have forgotten.
(See the <inserted text> above.)
With luck, this will get me unwedged. But if you
really didn't forget anything, try typing `2' now; then
my insertion and my current dilemma will both disappear.

c:/Users/anlun/Documents/simulador_exoesqueleto6GDL/Informaci√≥n/Reporte III/ReporteIII.tex:321: Missing $ inserted.
<inserted text> 
                $
l.321 ...ma_i$ & $\Sigma_p_i$ & d_x_i & d_y_i & d_
                                                  z_i & $\Theta_i$\\
I've inserted a begin-math/end-math symbol since I think
you left one out. Proceed, with fingers crossed.

c:/Users/anlun/Documents/simulador_exoesqueleto6GDL/Informaci√≥n/Reporte III/ReporteIII.tex:321: Double subscript.
l.321 ..._i$ & $\Sigma_p_i$ & d_x_i & d_y_i & d_z_
                                                  i & $\Theta_i$\\
I treat `x_1_2' essentially like `x_1{}_2'.

c:/Users/anlun/Documents/simulador_exoesqueleto6GDL/Informaci√≥n/Reporte III/ReporteIII.tex:321: Extra }, or forgotten $.
<template> \unskip \hfil }
                          \hskip \tabcolsep \endtemplate 
l.321 ... & $\Sigma_p_i$ & d_x_i & d_y_i & d_z_i &
                                                   $\Theta_i$\\
I've deleted a group-closing symbol because it seems to be
spurious, as in `$x}$'. But perhaps the } is legitimate and
you forgot something else, as in `\hbox{$x}'. In such cases
the way to recover is to insert both the forgotten and the
deleted material, e.g., by typing `I$}'.

c:/Users/anlun/Documents/simulador_exoesqueleto6GDL/Informaci√≥n/Reporte III/ReporteIII.tex:321: Missing $ inserted.
<inserted text> 
                $
l.321 ... & $\Sigma_p_i$ & d_x_i & d_y_i & d_z_i &
                                                   $\Theta_i$\\
I've inserted a begin-math/end-math symbol since I think
you left one out. Proceed, with fingers crossed.

c:/Users/anlun/Documents/simulador_exoesqueleto6GDL/Informaci√≥n/Reporte III/ReporteIII.tex:321: Missing } inserted.
<inserted text> 
                }
l.321 ... & $\Sigma_p_i$ & d_x_i & d_y_i & d_z_i &
                                                   $\Theta_i$\\
I've inserted something that you may have forgotten.
(See the <inserted text> above.)
With luck, this will get me unwedged. But if you
really didn't forget anything, try typing `2' now; then
my insertion and my current dilemma will both disappear.

[4]
c:/Users/anlun/Documents/simulador_exoesqueleto6GDL/Informaci√≥n/Reporte III/ReporteIII.tex:354: Misplaced alignment tab character &.
l.354         \end{array}\right] &
                                   \hspace{10mm}
I can't figure out why you would want to use a tab mark
here. If you just want an ampersand, the remedy is
simple: Just type `I\&' now. But if some right brace
up above has ended a previous alignment prematurely,
you're probably due for more error messages, and you
might try typing `S' now just to see what is salvageable.


Underfull \hbox (badness 10000) in paragraph at lines 379--381

 []


Underfull \hbox (badness 10000) in paragraph at lines 394--396

 []


Underfull \hbox (badness 1668) in paragraph at lines 401--402
[]\OT1/ptm/m/n/10 Calcularla con los s[]mbolos de Christofel nos da la
 []


c:/Users/anlun/Documents/simulador_exoesqueleto6GDL/Informaci√≥n/Reporte III/ReporteIII.tex:425: Package inputenc Error: Unicode character ‚àà (U+2208)
(inputenc)                not set up for use with LaTeX.

See the inputenc package documentation for explanation.
Type  H <return>  for immediate help.
 ...                                              
                                                  
l.425 $d_{cmi}$(q) ‚àà
                       R3 es la posici√≥n cartesiana del vector de masa del ...
You may provide a definition with
\DeclareUnicodeCharacter 


c:/Users/anlun/Documents/simulador_exoesqueleto6GDL/Informaci√≥n/Reporte III/ReporteIII.tex:427: Package inputenc Error: Unicode character ‚àà (U+2208)
(inputenc)                not set up for use with LaTeX.

See the inputenc package documentation for explanation.
Type  H <return>  for immediate help.
 ...                                              
                                                  
l.427 $g_0 ‚àà
               R3$ es la expresi√≥n inercial para la direcci√≥n de la graved...
You may provide a definition with
\DeclareUnicodeCharacter 

[5]
c:/Users/anlun/Documents/simulador_exoesqueleto6GDL/Informaci√≥n/Reporte III/ReporteIII.tex:452: Misplaced alignment tab character &.
l.452         \end{array}\right] &
                                   \hspace{10mm}
I can't figure out why you would want to use a tab mark
here. If you just want an ampersand, the remedy is
simple: Just type `I\&' now. But if some right brace
up above has ended a previous alignment prematurely,
you're probably due for more error messages, and you
might try typing `S' now just to see what is salvageable.

c:/Users/anlun/Documents/simulador_exoesqueleto6GDL/Informaci√≥n/Reporte III/ReporteIII.tex:479: Undefined control sequence.
l.479 ...sin \theta_i$, cada elemento $J_{\omegaij
                                                  }$ de la matriz es represe...
The control sequence at the end of the top line
of your error message was never \def'ed. If you have
misspelled it (e.g., `\hobx'), type `I' and the correct
spelling (e.g., `I\hbox'). Otherwise just continue,
and I'll forget about whatever was undefined.

c:/Users/anlun/Documents/simulador_exoesqueleto6GDL/Informaci√≥n/Reporte III/ReporteIII.tex:512: Misplaced alignment tab character &.
l.512     M=( 0 &
                  0 & 0 & 0 & 0 & 0)
I can't figure out why you would want to use a tab mark
here. If you just want an ampersand, the remedy is
simple: Just type `I\&' now. But if some right brace
up above has ended a previous alignment prematurely,
you're probably due for more error messages, and you
might try typing `S' now just to see what is salvageable.

c:/Users/anlun/Documents/simulador_exoesqueleto6GDL/Informaci√≥n/Reporte III/ReporteIII.tex:512: Misplaced alignment tab character &.
l.512     M=( 0 & 0 &
                      0 & 0 & 0 & 0)
I can't figure out why you would want to use a tab mark
here. If you just want an ampersand, the remedy is
simple: Just type `I\&' now. But if some right brace
up above has ended a previous alignment prematurely,
you're probably due for more error messages, and you
might try typing `S' now just to see what is salvageable.

c:/Users/anlun/Documents/simulador_exoesqueleto6GDL/Informaci√≥n/Reporte III/ReporteIII.tex:512: Misplaced alignment tab character &.
l.512     M=( 0 & 0 & 0 &
                          0 & 0 & 0)
I can't figure out why you would want to use a tab mark
here. If you just want an ampersand, the remedy is
simple: Just type `I\&' now. But if some right brace
up above has ended a previous alignment prematurely,
you're probably due for more error messages, and you
might try typing `S' now just to see what is salvageable.

c:/Users/anlun/Documents/simulador_exoesqueleto6GDL/Informaci√≥n/Reporte III/ReporteIII.tex:512: Misplaced alignment tab character &.
l.512     M=( 0 & 0 & 0 & 0 &
                              0 & 0)
I can't figure out why you would want to use a tab mark
here. If you just want an ampersand, the remedy is
simple: Just type `I\&' now. But if some right brace
up above has ended a previous alignment prematurely,
you're probably due for more error messages, and you
might try typing `S' now just to see what is salvageable.

c:/Users/anlun/Documents/simulador_exoesqueleto6GDL/Informaci√≥n/Reporte III/ReporteIII.tex:512: Misplaced alignment tab character &.
l.512     M=( 0 & 0 & 0 & 0 & 0 &
                                  0)
I can't figure out why you would want to use a tab mark
here. If you just want an ampersand, the remedy is
simple: Just type `I\&' now. But if some right brace
up above has ended a previous alignment prematurely,
you're probably due for more error messages, and you
might try typing `S' now just to see what is salvageable.


Underfull \hbox (badness 2277) in paragraph at lines 560--561
 []\OT1/ptm/m/it/10 2. Vec-tor de Cori-o-lis: [][] \OT1/ptm/m/n/10 Para el robot dedo ex-
 []

[6]
c:/Users/anlun/Documents/simulador_exoesqueleto6GDL/Informaci√≥n/Reporte III/ReporteIII.tex:575: Double subscript.
l.575     \textbf{g(q)}= \begin{bmatrix} g(q)_1_
                                                0 & g(q)_1_1 & g(q)_1_2 & g(...
I treat `x_1_2' essentially like `x_1{}_2'.

c:/Users/anlun/Documents/simulador_exoesqueleto6GDL/Informaci√≥n/Reporte III/ReporteIII.tex:575: Double subscript.
l.575 ...g(q)}= \begin{bmatrix} g(q)_1_0 & g(q)_1_
                                                  1 & g(q)_1_2 & g(q)_1_3 & ...
I treat `x_1_2' essentially like `x_1{}_2'.

c:/Users/anlun/Documents/simulador_exoesqueleto6GDL/Informaci√≥n/Reporte III/ReporteIII.tex:575: Double subscript.
l.575 ...in{bmatrix} g(q)_1_0 & g(q)_1_1 & g(q)_1_
                                                  2 & g(q)_1_3 & g(q)_1_4 &g...
I treat `x_1_2' essentially like `x_1{}_2'.

c:/Users/anlun/Documents/simulador_exoesqueleto6GDL/Informaci√≥n/Reporte III/ReporteIII.tex:575: Double subscript.
l.575 ... g(q)_1_0 & g(q)_1_1 & g(q)_1_2 & g(q)_1_
                                                  3 & g(q)_1_4 &g(q)_1_5 & g...
I treat `x_1_2' essentially like `x_1{}_2'.

c:/Users/anlun/Documents/simulador_exoesqueleto6GDL/Informaci√≥n/Reporte III/ReporteIII.tex:575: Double subscript.
l.575 ... g(q)_1_1 & g(q)_1_2 & g(q)_1_3 & g(q)_1_
                                                  4 &g(q)_1_5 & g(q)_1_6  \e...
I treat `x_1_2' essentially like `x_1{}_2'.

c:/Users/anlun/Documents/simulador_exoesqueleto6GDL/Informaci√≥n/Reporte III/ReporteIII.tex:575: Double subscript.
l.575 ...& g(q)_1_2 & g(q)_1_3 & g(q)_1_4 &g(q)_1_
                                                  5 & g(q)_1_6  \end{bmatrix}
I treat `x_1_2' essentially like `x_1{}_2'.

c:/Users/anlun/Documents/simulador_exoesqueleto6GDL/Informaci√≥n/Reporte III/ReporteIII.tex:575: Double subscript.
l.575 ...& g(q)_1_3 & g(q)_1_4 &g(q)_1_5 & g(q)_1_
                                                  6  \end{bmatrix}
I treat `x_1_2' essentially like `x_1{}_2'.


Overfull \hbox (34.37996pt too wide) detected at line 576
[] \U/ntxmia/m/it/10 = []
 []

c:/Users/anlun/Documents/simulador_exoesqueleto6GDL/Informaci√≥n/Reporte III/ReporteIII.tex:597: Misplaced alignment tab character &.
l.597 \noindent [1]    Sarakoglou, Ioannis &
                                             Brygo, Anais & Mazzanti, Dario ...
I can't figure out why you would want to use a tab mark
here. If you just want an ampersand, the remedy is
simple: Just type `I\&' now. But if some right brace
up above has ended a previous alignment prematurely,
you're probably due for more error messages, and you
might try typing `S' now just to see what is salvageable.

c:/Users/anlun/Documents/simulador_exoesqueleto6GDL/Informaci√≥n/Reporte III/ReporteIII.tex:597: Misplaced alignment tab character &.
l.597 ...]    Sarakoglou, Ioannis & Brygo, Anais &
                                                   Mazzanti, Dario & Garcia-...
I can't figure out why you would want to use a tab mark
here. If you just want an ampersand, the remedy is
simple: Just type `I\&' now. But if some right brace
up above has ended a previous alignment prematurely,
you're probably due for more error messages, and you
might try typing `S' now just to see what is salvageable.

c:/Users/anlun/Documents/simulador_exoesqueleto6GDL/Informaci√≥n/Reporte III/ReporteIII.tex:597: Misplaced alignment tab character &.
l.597 ...oannis & Brygo, Anais & Mazzanti, Dario &
                                                   Garcia-Hernandez, Nadia &...
I can't figure out why you would want to use a tab mark
here. If you just want an ampersand, the remedy is
simple: Just type `I\&' now. But if some right brace
up above has ended a previous alignment prematurely,
you're probably due for more error messages, and you
might try typing `S' now just to see what is salvageable.

c:/Users/anlun/Documents/simulador_exoesqueleto6GDL/Informaci√≥n/Reporte III/ReporteIII.tex:597: Misplaced alignment tab character &.
l.597 ...zzanti, Dario & Garcia-Hernandez, Nadia &
                                                   Caldwell, Darwin & Tsagar...
I can't figure out why you would want to use a tab mark
here. If you just want an ampersand, the remedy is
simple: Just type `I\&' now. But if some right brace
up above has ended a previous alignment prematurely,
you're probably due for more error messages, and you
might try typing `S' now just to see what is salvageable.

c:/Users/anlun/Documents/simulador_exoesqueleto6GDL/Informaci√≥n/Reporte III/ReporteIII.tex:597: Misplaced alignment tab character &.
l.597 ...cia-Hernandez, Nadia & Caldwell, Darwin &
                                                   Tsagarakis, Nikos. (2016)...
I can't figure out why you would want to use a tab mark
here. If you just want an ampersand, the remedy is
simple: Just type `I\&' now. But if some right brace
up above has ended a previous alignment prematurely,
you're probably due for more error messages, and you
might try typing `S' now just to see what is salvageable.

c:/Users/anlun/Documents/simulador_exoesqueleto6GDL/Informaci√≥n/Reporte III/ReporteIII.tex:599: Misplaced alignment tab character &.
l.599 ...ng and control. Hoboken, NJ: John Wiley &
                                                   Sons, Inc, 2020.isbn: 978...
I can't figure out why you would want to use a tab mark
here. If you just want an ampersand, the remedy is
simple: Just type `I\&' now. But if some right brace
up above has ended a previous alignment prematurely,
you're probably due for more error messages, and you
might try typing `S' now just to see what is salvageable.


Underfull \hbox (badness 3989) in paragraph at lines 597--600
\OT1/ptm/m/n/10 Nikos. (2016). HEX-O-TRAC: A highly Under-Actuated
 []


Underfull \hbox (badness 2229) in paragraph at lines 597--600
\OT1/ptm/m/n/10 Khatib Bruno Si-cil-iano. Springer In-ter-na-tion-alPub-lish-ing,
 []


Underfull \hbox (badness 10000) in paragraph at lines 597--600

 []

[7] (c:\Users\anlun\Documents\simulador_exoesqueleto6GDL\Informaci√≥n\Reporte III\build\ReporteIII.aux)

LaTeX Warning: There were undefined references.


LaTeX Warning: Label(s) may have changed. Rerun to get cross-references right.


Package biblatex Warning: Please (re)run Biber on the file:
(biblatex)                ReporteIII
(biblatex)                and rerun LaTeX afterwards.

Package logreq Info: Writing requests to 'ReporteIII.run.xml'.
\openout1 = `ReporteIII.run.xml'.

 ) 
Here is how much of TeX's memory you used:
 14771 strings out of 478927
 253738 string characters out of 2852536
 1024891 words of memory out of 3000000
 32384 multiletter control sequences out of 15000+600000
 476159 words of font info for 165 fonts, out of 8000000 for 9000
 1146 hyphenation exceptions out of 8191
 57i,14n,66p,1168b,1666s stack positions out of 5000i,500n,10000p,200000b,80000s
{C:/Users/anlun/AppData/Local/Programs/MiKTeX/fonts/enc/dvips/newtx/ntx-ot1-tlf.enc}{C:/Users/anlun/AppData/Local/Programs/MiKTeX/fonts/enc/dvips/base/8r.enc}<C:/Users/anlun/AppData/Local/Programs/MiKTeX/fonts/type1/public/newtx/NewTXMI.pfb><C:/Users/anlun/AppData/Local/Programs/MiKTeX/fonts/type1/public/newtx/NewTXMI5.pfb><C:/Users/anlun/AppData/Local/Programs/MiKTeX/fonts/type1/public/newtx/NewTXMI7.pfb><C:/Users/anlun/AppData/Local/Programs/MiKTeX/fonts/type1/public/newtx/txexs.pfb><C:/Users/anlun/AppData/Local/Programs/MiKTeX/fonts/type1/public/newtx/txmiaX.pfb><C:/Users/anlun/AppData/Local/Programs/MiKTeX/fonts/type1/public/txfonts/txsya.pfb><C:/Users/anlun/AppData/Local/Programs/MiKTeX/fonts/type1/public/txfonts/txsyb.pfb><C:/Users/anlun/AppData/Local/Programs/MiKTeX/fonts/type1/public/txfonts/txsyc.pfb><C:/Users/anlun/AppData/Local/Programs/MiKTeX/fonts/type1/public/newtx/txsys.pfb><C:/Users/anlun/AppData/Local/Programs/MiKTeX/fonts/type1/urw/times/utmb8a.pfb><C:/Users/anlun/AppData/Local/Programs/MiKTeX/fonts/type1/urw/times/utmbi8a.pfb><C:/Users/anlun/AppData/Local/Programs/MiKTeX/fonts/type1/urw/times/utmr8a.pfb><C:/Users/anlun/AppData/Local/Programs/MiKTeX/fonts/type1/urw/times/utmri8a.pfb><C:/Users/anlun/AppData/Local/Programs/MiKTeX/fonts/type1/public/newtx/ztmb.pfb><C:/Users/anlun/AppData/Local/Programs/MiKTeX/fonts/type1/public/newtx/ztmr.pfb>
Output written on "c:\Users\anlun\Documents\simulador_exoesqueleto6GDL\Informaci√≥n\Reporte III\build\ReporteIII.pdf" (7 pages, 463103 bytes).
PDF statistics:
 108 PDF objects out of 1000 (max. 8388607)
 0 named destinations out of 1000 (max. 500000)
 16 words of extra memory for PDF output out of 10000 (max. 10000000)

